<?xml version="1.0" encoding="UTF-8"?>
<!-- Generated by org.testng.reporters.JUnitReportReporter -->
<testsuite skipped="0" hostname="hasangulbaba_nb" name="test.TestNgGridDemo" tests="2" failures="0" timestamp="06 Oca 2023 00:16:13 GMT" time="29.220" errors="0">
  <testcase name="gridTestNgDemo" time="14.255" classname="test.TestNgGridDemo"/>
  <testcase name="gridTestNgArabam" time="14.965" classname="test.TestNgGridDemo"/>
</testsuite> <!-- test.TestNgGridDemo -->
