<?xml version="1.0" encoding="UTF-8"?>
<!-- Generated by org.testng.reporters.JUnitReportReporter -->
<testsuite skipped="0" hostname="hasangulbaba_nb" name="test.JenkinsTest" tests="1" failures="0" timestamp="11 Oca 2023 22:23:58 GMT" time="0.048" errors="0">
  <testcase name="givenNumber_whenEven_thenTrue" time="0.048" classname="test.JenkinsTest"/>
</testsuite> <!-- test.JenkinsTest -->
